Dec-19 16:22:48.992 [main] DEBUG nextflow.cli.Launcher - $> nextflow run main.nf --samplesheet /home/jiguo/SeqAna_Pipe/samplesheet.csv --genome /home/jiguo/data/data/ref_genome/GRCh38.primary_assembly.genome.fa --gtf /home/jiguo/data/data/ref_genome/gencode.v47.primary_assembly.annotation.gtf --star_index /home/jiguo/data/data/outdir_rnaseq/star_index/star_index --outdir /home/jiguo/data/data/outdir_rnaseq -resume
Dec-19 16:22:49.090 [main] DEBUG nextflow.cli.CmdRun - N E X T F L O W  ~  version 25.10.2
Dec-19 16:22:49.132 [main] DEBUG nextflow.plugin.PluginsFacade - Setting up plugin manager > mode=prod; embedded=false; plugins-dir=/home/jiguo/.nextflow/plugins; core-plugins: nf-amazon@3.4.2,nf-azure@1.20.2,nf-cloudcache@0.5.0,nf-codecommit@0.5.0,nf-console@1.3.0,nf-google@1.23.3,nf-k8s@1.2.2,nf-tower@1.17.3,nf-wave@1.16.1
Dec-19 16:22:49.161 [main] INFO  o.pf4j.DefaultPluginStatusProvider - Enabled plugins: []
Dec-19 16:22:49.162 [main] INFO  o.pf4j.DefaultPluginStatusProvider - Disabled plugins: []
Dec-19 16:22:49.165 [main] INFO  org.pf4j.DefaultPluginManager - PF4J version 3.12.0 in 'deployment' mode
Dec-19 16:22:49.180 [main] DEBUG nextflow.util.RetryConfig - Missing nextflow session - using default retry config
Dec-19 16:22:49.305 [main] INFO  org.pf4j.AbstractPluginManager - No plugins
Dec-19 16:22:49.337 [main] DEBUG nextflow.config.ConfigBuilder - Found config local: /home/jiguo/SeqAna_Pipe/nextflow.config
Dec-19 16:22:49.340 [main] DEBUG nextflow.config.ConfigBuilder - Parsing config file: /home/jiguo/SeqAna_Pipe/nextflow.config
Dec-19 16:22:49.365 [main] DEBUG nextflow.config.ConfigBuilder - Applying config profile: `standard`
Dec-19 16:22:49.784 [main] DEBUG nextflow.plugin.PluginsFacade - Plugins default=[]
Dec-19 16:22:49.785 [main] DEBUG nextflow.plugin.PluginsFacade - Plugins resolved requirement=[]
Dec-19 16:22:49.800 [main] DEBUG n.secret.LocalSecretsProvider - Secrets store: /home/jiguo/.nextflow/secrets/store.json
Dec-19 16:22:49.803 [main] DEBUG nextflow.secret.SecretsLoader - Discovered secrets providers: [nextflow.secret.LocalSecretsProvider@63a28987] - activable => nextflow.secret.LocalSecretsProvider@63a28987
Dec-19 16:22:49.808 [main] DEBUG nextflow.cli.CmdRun - Applied DSL=2 from script declaration
Dec-19 16:22:49.823 [main] DEBUG nextflow.cli.CmdRun - Launching `main.nf` [fabulous_wing] DSL2 - revision: 93a6916882
Dec-19 16:22:49.871 [main] DEBUG nextflow.Session - Session UUID: 68648155-d587-4701-bc96-3609d7f6b471
Dec-19 16:22:49.871 [main] DEBUG nextflow.Session - Run name: fabulous_wing
Dec-19 16:22:49.872 [main] DEBUG nextflow.Session - Executor pool size: 8
Dec-19 16:22:49.880 [main] DEBUG nextflow.file.FilePorter - File porter settings maxRetries=3; maxTransfers=50; pollTimeout=null
Dec-19 16:22:49.885 [main] DEBUG nextflow.util.ThreadPoolBuilder - Creating thread pool 'FileTransfer' minSize=10; maxSize=24; workQueue=LinkedBlockingQueue[-1]; allowCoreThreadTimeout=false
Dec-19 16:22:49.904 [main] DEBUG nextflow.cli.CmdRun - 
  Version: 25.10.2 build 10555
  Created: 28-11-2025 19:24 UTC (20:24 CEST)
  System: Linux 5.14.0-70.30.1.el9_0.x86_64
  Runtime: Groovy 4.0.28 on OpenJDK 64-Bit Server VM 22.0.1-internal-adhoc.conda.src
  Encoding: UTF-8 (UTF-8)
  Process: 2389832@h147 [10.91.19.147]
  CPUs: 8 - Mem: 188 GB (165.3 GB) - Swap: 1024 MB (534.5 MB)
Dec-19 16:22:49.931 [main] DEBUG nextflow.Session - Work-dir: /home/jiguo/data/data/outdir_rnaseq/work [gpfs]
Dec-19 16:22:49.932 [main] DEBUG nextflow.Session - Script base path does not exist or is not a directory: /home/jiguo/SeqAna_Pipe/bin
Dec-19 16:22:49.941 [main] DEBUG nextflow.executor.ExecutorFactory - Extension executors providers=[]
Dec-19 16:22:49.950 [main] DEBUG nextflow.Session - Observer factory (v2): LinObserverFactory
Dec-19 16:22:49.953 [main] DEBUG nextflow.Session - Observer factory (v2): DefaultObserverFactory
Dec-19 16:22:49.994 [main] DEBUG nextflow.cache.CacheFactory - Using Nextflow cache factory: nextflow.cache.DefaultCacheFactory
Dec-19 16:22:50.005 [main] DEBUG nextflow.util.CustomThreadPool - Creating default thread pool > poolSize: 9; maxThreads: 1000
Dec-19 16:22:50.088 [main] DEBUG nextflow.Session - Session start
Dec-19 16:22:50.689 [main] DEBUG nextflow.script.ScriptRunner - > Launching execution
Dec-19 16:22:50.805 [main] INFO  nextflow.Nextflow - 
============================================
RNA-seq Count Pipeline
============================================
samplesheet  : /home/jiguo/SeqAna_Pipe/samplesheet.csv
genome       : /home/jiguo/data/data/ref_genome/GRCh38.primary_assembly.genome.fa
gtf          : /home/jiguo/data/data/ref_genome/gencode.v47.primary_assembly.annotation.gtf
star_index   : /home/jiguo/data/data/outdir_rnaseq/star_index/star_index
outdir       : /home/jiguo/data/data/outdir_rnaseq
stranded     : 0
============================================

Dec-19 16:22:50.911 [main] DEBUG nextflow.executor.ExecutorFactory - << taskConfig executor: null
Dec-19 16:22:50.911 [main] DEBUG nextflow.executor.ExecutorFactory - >> processorType: 'local'
Dec-19 16:22:50.928 [main] DEBUG nextflow.executor.Executor - [warm up] executor > local
Dec-19 16:22:50.936 [main] DEBUG n.processor.LocalPollingMonitor - Creating local task monitor for executor 'local' > cpus=8; memory=188 GB; capacity=8; pollInterval=100ms; dumpInterval=5m
Dec-19 16:22:50.938 [main] DEBUG n.processor.TaskPollingMonitor - >>> barrier register (monitor: local)
Dec-19 16:22:50.962 [main] DEBUG nextflow.processor.TaskProcessor - Creating process 'FASTQC': maxForks=0; fair=false; array=0
Dec-19 16:22:50.994 [main] DEBUG n.script.dsl.ProcessConfigBuilder - Config settings `withName:STAR_ALIGN` matches process STAR_ALIGN
Dec-19 16:22:51.000 [main] DEBUG nextflow.executor.ExecutorFactory - << taskConfig executor: null
Dec-19 16:22:51.001 [main] DEBUG nextflow.executor.ExecutorFactory - >> processorType: 'local'
Dec-19 16:22:51.002 [main] DEBUG nextflow.processor.TaskProcessor - Creating process 'STAR_ALIGN': maxForks=0; fair=false; array=0
Dec-19 16:22:51.015 [main] DEBUG nextflow.executor.ExecutorFactory - << taskConfig executor: null
Dec-19 16:22:51.015 [main] DEBUG nextflow.executor.ExecutorFactory - >> processorType: 'local'
Dec-19 16:22:51.016 [main] DEBUG nextflow.processor.TaskProcessor - Creating process 'FEATURECOUNTS': maxForks=0; fair=false; array=0
Dec-19 16:22:51.027 [main] DEBUG nextflow.executor.ExecutorFactory - << taskConfig executor: null
Dec-19 16:22:51.028 [main] DEBUG nextflow.executor.ExecutorFactory - >> processorType: 'local'
Dec-19 16:22:51.028 [main] DEBUG nextflow.processor.TaskProcessor - Creating process 'MULTIQC': maxForks=0; fair=false; array=0
Dec-19 16:22:51.031 [main] DEBUG nextflow.Session - Workflow process names [dsl2]: FASTQC, STAR_INDEX, FEATURECOUNTS, MULTIQC, STAR_ALIGN
Dec-19 16:22:51.033 [main] DEBUG nextflow.Session - Igniting dataflow network (10)
Dec-19 16:22:51.040 [main] DEBUG nextflow.processor.TaskProcessor - Starting process > FASTQC
Dec-19 16:22:51.041 [main] DEBUG nextflow.processor.TaskProcessor - Starting process > STAR_ALIGN
Dec-19 16:22:51.041 [main] DEBUG nextflow.processor.TaskProcessor - Starting process > FEATURECOUNTS
Dec-19 16:22:51.041 [main] DEBUG nextflow.processor.TaskProcessor - Starting process > MULTIQC
Dec-19 16:22:51.042 [main] DEBUG nextflow.script.ScriptRunner - Parsed script files:
  Script_4e7a1f11014dc064: /home/jiguo/SeqAna_Pipe/main.nf
Dec-19 16:22:51.042 [main] DEBUG nextflow.script.ScriptRunner - > Awaiting termination 
Dec-19 16:22:51.042 [main] DEBUG nextflow.Session - Session await
Dec-19 16:22:51.239 [Task submitter] DEBUG n.executor.local.LocalTaskHandler - Launch cmd line: /bin/bash -ue .command.run
Dec-19 16:22:51.241 [Task submitter] INFO  nextflow.Session - [6f/c41ce3] Submitted process > STAR_ALIGN (control)
Dec-19 16:22:51.247 [Actor Thread 8] INFO  nextflow.processor.TaskProcessor - [09/690842] Cached process > FASTQC (rep1_1)
Dec-19 16:22:51.247 [Actor Thread 11] INFO  nextflow.processor.TaskProcessor - [c3/36bfc6] Cached process > FASTQC (rep2_1)
Dec-19 16:22:51.248 [Actor Thread 1] INFO  nextflow.processor.TaskProcessor - [24/85128f] Cached process > FASTQC (rep2_0)
Dec-19 16:22:51.247 [Actor Thread 13] INFO  nextflow.processor.TaskProcessor - [09/02f9ad] Cached process > FASTQC (rep3_1)
Dec-19 16:22:51.248 [Actor Thread 14] INFO  nextflow.processor.TaskProcessor - [85/bf5ed6] Cached process > FASTQC (control)
Dec-19 16:22:51.248 [Actor Thread 3] INFO  nextflow.processor.TaskProcessor - [db/1271fa] Cached process > FASTQC (rep3_0)
Dec-19 16:22:51.248 [Actor Thread 7] INFO  nextflow.processor.TaskProcessor - [55/81ec06] Cached process > FASTQC (rep1_0)
Dec-19 16:22:51.275 [Actor Thread 11] DEBUG nextflow.util.ThreadPoolBuilder - Creating thread pool 'PublishDir' minSize=10; maxSize=24; workQueue=LinkedBlockingQueue[-1]; allowCoreThreadTimeout=false
Dec-19 16:27:51.132 [Task monitor] DEBUG n.processor.TaskPollingMonitor - !! executor local > tasks to be completed: 1 -- submitted tasks are shown below
~> TaskHandler[id: 14; name: STAR_ALIGN (control); status: RUNNING; exit: -; error: -; workDir: /home/jiguo/data/data/outdir_rnaseq/work/6f/c41ce309150810c97676fc6f066da0]
Dec-19 16:27:51.356 [Task submitter] DEBUG n.processor.TaskPollingMonitor - %% executor local > tasks in the submission queue: 6 -- tasks to be submitted are shown below
~> TaskHandler[id: 13; name: STAR_ALIGN (rep3_1); status: NEW; exit: -; error: -; workDir: /home/jiguo/data/data/outdir_rnaseq/work/c6/3192fd60862961f04f8cc9c6128e0e]
~> TaskHandler[id: 8; name: STAR_ALIGN (rep2_1); status: NEW; exit: -; error: -; workDir: /home/jiguo/data/data/outdir_rnaseq/work/2e/fc1f39ff2a5fa8c8a55d2118e75815]
~> TaskHandler[id: 3; name: STAR_ALIGN (rep1_1); status: NEW; exit: -; error: -; workDir: /home/jiguo/data/data/outdir_rnaseq/work/02/b5d5ad9a2826693ee036029064c3e3]
~> TaskHandler[id: 1; name: STAR_ALIGN (rep1_0); status: NEW; exit: -; error: -; workDir: /home/jiguo/data/data/outdir_rnaseq/work/00/95daa473e46d397d865c54ddc6f10d]
~> TaskHandler[id: 12; name: STAR_ALIGN (rep3_0); status: NEW; exit: -; error: -; workDir: /home/jiguo/data/data/outdir_rnaseq/work/52/327e749848856b561dad7e13044e1d]
~> TaskHandler[id: 6; name: STAR_ALIGN (rep2_0); status: NEW; exit: -; error: -; workDir: /home/jiguo/data/data/outdir_rnaseq/work/8d/ec37f1262f620d611b4b01f7ba0424]
Dec-19 16:32:51.212 [Task monitor] DEBUG n.processor.TaskPollingMonitor - !! executor local > tasks to be completed: 1 -- submitted tasks are shown below
~> TaskHandler[id: 14; name: STAR_ALIGN (control); status: RUNNING; exit: -; error: -; workDir: /home/jiguo/data/data/outdir_rnaseq/work/6f/c41ce309150810c97676fc6f066da0]
Dec-19 16:32:51.437 [Task submitter] DEBUG n.processor.TaskPollingMonitor - %% executor local > tasks in the submission queue: 6 -- tasks to be submitted are shown below
~> TaskHandler[id: 13; name: STAR_ALIGN (rep3_1); status: NEW; exit: -; error: -; workDir: /home/jiguo/data/data/outdir_rnaseq/work/c6/3192fd60862961f04f8cc9c6128e0e]
~> TaskHandler[id: 8; name: STAR_ALIGN (rep2_1); status: NEW; exit: -; error: -; workDir: /home/jiguo/data/data/outdir_rnaseq/work/2e/fc1f39ff2a5fa8c8a55d2118e75815]
~> TaskHandler[id: 3; name: STAR_ALIGN (rep1_1); status: NEW; exit: -; error: -; workDir: /home/jiguo/data/data/outdir_rnaseq/work/02/b5d5ad9a2826693ee036029064c3e3]
~> TaskHandler[id: 1; name: STAR_ALIGN (rep1_0); status: NEW; exit: -; error: -; workDir: /home/jiguo/data/data/outdir_rnaseq/work/00/95daa473e46d397d865c54ddc6f10d]
~> TaskHandler[id: 12; name: STAR_ALIGN (rep3_0); status: NEW; exit: -; error: -; workDir: /home/jiguo/data/data/outdir_rnaseq/work/52/327e749848856b561dad7e13044e1d]
~> TaskHandler[id: 6; name: STAR_ALIGN (rep2_0); status: NEW; exit: -; error: -; workDir: /home/jiguo/data/data/outdir_rnaseq/work/8d/ec37f1262f620d611b4b01f7ba0424]
Dec-19 16:37:51.296 [Task monitor] DEBUG n.processor.TaskPollingMonitor - !! executor local > tasks to be completed: 1 -- submitted tasks are shown below
~> TaskHandler[id: 14; name: STAR_ALIGN (control); status: RUNNING; exit: -; error: -; workDir: /home/jiguo/data/data/outdir_rnaseq/work/6f/c41ce309150810c97676fc6f066da0]
Dec-19 16:37:51.523 [Task submitter] DEBUG n.processor.TaskPollingMonitor - %% executor local > tasks in the submission queue: 6 -- tasks to be submitted are shown below
~> TaskHandler[id: 13; name: STAR_ALIGN (rep3_1); status: NEW; exit: -; error: -; workDir: /home/jiguo/data/data/outdir_rnaseq/work/c6/3192fd60862961f04f8cc9c6128e0e]
~> TaskHandler[id: 8; name: STAR_ALIGN (rep2_1); status: NEW; exit: -; error: -; workDir: /home/jiguo/data/data/outdir_rnaseq/work/2e/fc1f39ff2a5fa8c8a55d2118e75815]
~> TaskHandler[id: 3; name: STAR_ALIGN (rep1_1); status: NEW; exit: -; error: -; workDir: /home/jiguo/data/data/outdir_rnaseq/work/02/b5d5ad9a2826693ee036029064c3e3]
~> TaskHandler[id: 1; name: STAR_ALIGN (rep1_0); status: NEW; exit: -; error: -; workDir: /home/jiguo/data/data/outdir_rnaseq/work/00/95daa473e46d397d865c54ddc6f10d]
~> TaskHandler[id: 12; name: STAR_ALIGN (rep3_0); status: NEW; exit: -; error: -; workDir: /home/jiguo/data/data/outdir_rnaseq/work/52/327e749848856b561dad7e13044e1d]
~> TaskHandler[id: 6; name: STAR_ALIGN (rep2_0); status: NEW; exit: -; error: -; workDir: /home/jiguo/data/data/outdir_rnaseq/work/8d/ec37f1262f620d611b4b01f7ba0424]
Dec-19 16:38:00.999 [Task monitor] DEBUG n.processor.TaskPollingMonitor - Task completed > TaskHandler[id: 14; name: STAR_ALIGN (control); status: COMPLETED; exit: 0; error: -; workDir: /home/jiguo/data/data/outdir_rnaseq/work/6f/c41ce309150810c97676fc6f066da0]
Dec-19 16:38:01.000 [Task monitor] DEBUG nextflow.util.ThreadPoolBuilder - Creating thread pool 'TaskFinalizer' minSize=10; maxSize=24; workQueue=LinkedBlockingQueue[-1]; allowCoreThreadTimeout=false
Dec-19 16:38:01.006 [Task submitter] DEBUG n.executor.local.LocalTaskHandler - Launch cmd line: /bin/bash -ue .command.run
Dec-19 16:38:01.006 [Task submitter] INFO  nextflow.Session - [c6/3192fd] Submitted process > STAR_ALIGN (rep3_1)
Dec-19 16:42:51.309 [Task monitor] DEBUG n.processor.TaskPollingMonitor - !! executor local > tasks to be completed: 1 -- submitted tasks are shown below
~> TaskHandler[id: 13; name: STAR_ALIGN (rep3_1); status: RUNNING; exit: -; error: -; workDir: /home/jiguo/data/data/outdir_rnaseq/work/c6/3192fd60862961f04f8cc9c6128e0e]
Dec-19 16:42:52.064 [Task submitter] DEBUG n.processor.TaskPollingMonitor - %% executor local > tasks in the submission queue: 5 -- tasks to be submitted are shown below
~> TaskHandler[id: 8; name: STAR_ALIGN (rep2_1); status: NEW; exit: -; error: -; workDir: /home/jiguo/data/data/outdir_rnaseq/work/2e/fc1f39ff2a5fa8c8a55d2118e75815]
~> TaskHandler[id: 3; name: STAR_ALIGN (rep1_1); status: NEW; exit: -; error: -; workDir: /home/jiguo/data/data/outdir_rnaseq/work/02/b5d5ad9a2826693ee036029064c3e3]
~> TaskHandler[id: 1; name: STAR_ALIGN (rep1_0); status: NEW; exit: -; error: -; workDir: /home/jiguo/data/data/outdir_rnaseq/work/00/95daa473e46d397d865c54ddc6f10d]
~> TaskHandler[id: 12; name: STAR_ALIGN (rep3_0); status: NEW; exit: -; error: -; workDir: /home/jiguo/data/data/outdir_rnaseq/work/52/327e749848856b561dad7e13044e1d]
~> TaskHandler[id: 6; name: STAR_ALIGN (rep2_0); status: NEW; exit: -; error: -; workDir: /home/jiguo/data/data/outdir_rnaseq/work/8d/ec37f1262f620d611b4b01f7ba0424]
Dec-19 16:47:51.331 [Task monitor] DEBUG n.processor.TaskPollingMonitor - !! executor local > tasks to be completed: 1 -- submitted tasks are shown below
~> TaskHandler[id: 13; name: STAR_ALIGN (rep3_1); status: RUNNING; exit: -; error: -; workDir: /home/jiguo/data/data/outdir_rnaseq/work/c6/3192fd60862961f04f8cc9c6128e0e]
Dec-19 16:47:52.116 [Task submitter] DEBUG n.processor.TaskPollingMonitor - %% executor local > tasks in the submission queue: 5 -- tasks to be submitted are shown below
~> TaskHandler[id: 8; name: STAR_ALIGN (rep2_1); status: NEW; exit: -; error: -; workDir: /home/jiguo/data/data/outdir_rnaseq/work/2e/fc1f39ff2a5fa8c8a55d2118e75815]
~> TaskHandler[id: 3; name: STAR_ALIGN (rep1_1); status: NEW; exit: -; error: -; workDir: /home/jiguo/data/data/outdir_rnaseq/work/02/b5d5ad9a2826693ee036029064c3e3]
~> TaskHandler[id: 1; name: STAR_ALIGN (rep1_0); status: NEW; exit: -; error: -; workDir: /home/jiguo/data/data/outdir_rnaseq/work/00/95daa473e46d397d865c54ddc6f10d]
~> TaskHandler[id: 12; name: STAR_ALIGN (rep3_0); status: NEW; exit: -; error: -; workDir: /home/jiguo/data/data/outdir_rnaseq/work/52/327e749848856b561dad7e13044e1d]
~> TaskHandler[id: 6; name: STAR_ALIGN (rep2_0); status: NEW; exit: -; error: -; workDir: /home/jiguo/data/data/outdir_rnaseq/work/8d/ec37f1262f620d611b4b01f7ba0424]
Dec-19 16:52:16.191 [Task monitor] DEBUG n.processor.TaskPollingMonitor - Task completed > TaskHandler[id: 13; name: STAR_ALIGN (rep3_1); status: COMPLETED; exit: 0; error: -; workDir: /home/jiguo/data/data/outdir_rnaseq/work/c6/3192fd60862961f04f8cc9c6128e0e]
Dec-19 16:52:16.198 [Task submitter] DEBUG n.executor.local.LocalTaskHandler - Launch cmd line: /bin/bash -ue .command.run
Dec-19 16:52:16.198 [Task submitter] INFO  nextflow.Session - [2e/fc1f39] Submitted process > STAR_ALIGN (rep2_1)
Dec-19 16:52:51.430 [Task monitor] DEBUG n.processor.TaskPollingMonitor - !! executor local > tasks to be completed: 1 -- submitted tasks are shown below
~> TaskHandler[id: 8; name: STAR_ALIGN (rep2_1); status: RUNNING; exit: -; error: -; workDir: /home/jiguo/data/data/outdir_rnaseq/work/2e/fc1f39ff2a5fa8c8a55d2118e75815]
Dec-19 16:52:52.206 [Task submitter] DEBUG n.processor.TaskPollingMonitor - %% executor local > tasks in the submission queue: 4 -- tasks to be submitted are shown below
~> TaskHandler[id: 3; name: STAR_ALIGN (rep1_1); status: NEW; exit: -; error: -; workDir: /home/jiguo/data/data/outdir_rnaseq/work/02/b5d5ad9a2826693ee036029064c3e3]
~> TaskHandler[id: 1; name: STAR_ALIGN (rep1_0); status: NEW; exit: -; error: -; workDir: /home/jiguo/data/data/outdir_rnaseq/work/00/95daa473e46d397d865c54ddc6f10d]
~> TaskHandler[id: 12; name: STAR_ALIGN (rep3_0); status: NEW; exit: -; error: -; workDir: /home/jiguo/data/data/outdir_rnaseq/work/52/327e749848856b561dad7e13044e1d]
~> TaskHandler[id: 6; name: STAR_ALIGN (rep2_0); status: NEW; exit: -; error: -; workDir: /home/jiguo/data/data/outdir_rnaseq/work/8d/ec37f1262f620d611b4b01f7ba0424]
Dec-19 16:57:51.509 [Task monitor] DEBUG n.processor.TaskPollingMonitor - !! executor local > tasks to be completed: 1 -- submitted tasks are shown below
~> TaskHandler[id: 8; name: STAR_ALIGN (rep2_1); status: RUNNING; exit: -; error: -; workDir: /home/jiguo/data/data/outdir_rnaseq/work/2e/fc1f39ff2a5fa8c8a55d2118e75815]
Dec-19 16:57:52.265 [Task submitter] DEBUG n.processor.TaskPollingMonitor - %% executor local > tasks in the submission queue: 4 -- tasks to be submitted are shown below
~> TaskHandler[id: 3; name: STAR_ALIGN (rep1_1); status: NEW; exit: -; error: -; workDir: /home/jiguo/data/data/outdir_rnaseq/work/02/b5d5ad9a2826693ee036029064c3e3]
~> TaskHandler[id: 1; name: STAR_ALIGN (rep1_0); status: NEW; exit: -; error: -; workDir: /home/jiguo/data/data/outdir_rnaseq/work/00/95daa473e46d397d865c54ddc6f10d]
~> TaskHandler[id: 12; name: STAR_ALIGN (rep3_0); status: NEW; exit: -; error: -; workDir: /home/jiguo/data/data/outdir_rnaseq/work/52/327e749848856b561dad7e13044e1d]
~> TaskHandler[id: 6; name: STAR_ALIGN (rep2_0); status: NEW; exit: -; error: -; workDir: /home/jiguo/data/data/outdir_rnaseq/work/8d/ec37f1262f620d611b4b01f7ba0424]
Dec-19 17:02:51.602 [Task monitor] DEBUG n.processor.TaskPollingMonitor - !! executor local > tasks to be completed: 1 -- submitted tasks are shown below
~> TaskHandler[id: 8; name: STAR_ALIGN (rep2_1); status: RUNNING; exit: -; error: -; workDir: /home/jiguo/data/data/outdir_rnaseq/work/2e/fc1f39ff2a5fa8c8a55d2118e75815]
Dec-19 17:02:52.312 [Task submitter] DEBUG n.processor.TaskPollingMonitor - %% executor local > tasks in the submission queue: 4 -- tasks to be submitted are shown below
~> TaskHandler[id: 3; name: STAR_ALIGN (rep1_1); status: NEW; exit: -; error: -; workDir: /home/jiguo/data/data/outdir_rnaseq/work/02/b5d5ad9a2826693ee036029064c3e3]
~> TaskHandler[id: 1; name: STAR_ALIGN (rep1_0); status: NEW; exit: -; error: -; workDir: /home/jiguo/data/data/outdir_rnaseq/work/00/95daa473e46d397d865c54ddc6f10d]
~> TaskHandler[id: 12; name: STAR_ALIGN (rep3_0); status: NEW; exit: -; error: -; workDir: /home/jiguo/data/data/outdir_rnaseq/work/52/327e749848856b561dad7e13044e1d]
~> TaskHandler[id: 6; name: STAR_ALIGN (rep2_0); status: NEW; exit: -; error: -; workDir: /home/jiguo/data/data/outdir_rnaseq/work/8d/ec37f1262f620d611b4b01f7ba0424]
Dec-19 17:04:40.805 [Task monitor] DEBUG n.processor.TaskPollingMonitor - Task completed > TaskHandler[id: 8; name: STAR_ALIGN (rep2_1); status: COMPLETED; exit: 0; error: -; workDir: /home/jiguo/data/data/outdir_rnaseq/work/2e/fc1f39ff2a5fa8c8a55d2118e75815]
Dec-19 17:04:40.811 [Task submitter] DEBUG n.executor.local.LocalTaskHandler - Launch cmd line: /bin/bash -ue .command.run
Dec-19 17:04:40.812 [Task submitter] INFO  nextflow.Session - [02/b5d5ad] Submitted process > STAR_ALIGN (rep1_1)
Dec-19 17:07:51.689 [Task monitor] DEBUG n.processor.TaskPollingMonitor - !! executor local > tasks to be completed: 1 -- submitted tasks are shown below
~> TaskHandler[id: 3; name: STAR_ALIGN (rep1_1); status: RUNNING; exit: -; error: -; workDir: /home/jiguo/data/data/outdir_rnaseq/work/02/b5d5ad9a2826693ee036029064c3e3]
Dec-19 17:07:52.841 [Task submitter] DEBUG n.processor.TaskPollingMonitor - %% executor local > tasks in the submission queue: 3 -- tasks to be submitted are shown below
~> TaskHandler[id: 1; name: STAR_ALIGN (rep1_0); status: NEW; exit: -; error: -; workDir: /home/jiguo/data/data/outdir_rnaseq/work/00/95daa473e46d397d865c54ddc6f10d]
~> TaskHandler[id: 12; name: STAR_ALIGN (rep3_0); status: NEW; exit: -; error: -; workDir: /home/jiguo/data/data/outdir_rnaseq/work/52/327e749848856b561dad7e13044e1d]
~> TaskHandler[id: 6; name: STAR_ALIGN (rep2_0); status: NEW; exit: -; error: -; workDir: /home/jiguo/data/data/outdir_rnaseq/work/8d/ec37f1262f620d611b4b01f7ba0424]
Dec-19 17:12:51.743 [Task monitor] DEBUG n.processor.TaskPollingMonitor - !! executor local > tasks to be completed: 1 -- submitted tasks are shown below
~> TaskHandler[id: 3; name: STAR_ALIGN (rep1_1); status: RUNNING; exit: -; error: -; workDir: /home/jiguo/data/data/outdir_rnaseq/work/02/b5d5ad9a2826693ee036029064c3e3]
Dec-19 17:12:52.883 [Task submitter] DEBUG n.processor.TaskPollingMonitor - %% executor local > tasks in the submission queue: 3 -- tasks to be submitted are shown below
~> TaskHandler[id: 1; name: STAR_ALIGN (rep1_0); status: NEW; exit: -; error: -; workDir: /home/jiguo/data/data/outdir_rnaseq/work/00/95daa473e46d397d865c54ddc6f10d]
~> TaskHandler[id: 12; name: STAR_ALIGN (rep3_0); status: NEW; exit: -; error: -; workDir: /home/jiguo/data/data/outdir_rnaseq/work/52/327e749848856b561dad7e13044e1d]
~> TaskHandler[id: 6; name: STAR_ALIGN (rep2_0); status: NEW; exit: -; error: -; workDir: /home/jiguo/data/data/outdir_rnaseq/work/8d/ec37f1262f620d611b4b01f7ba0424]
Dec-19 17:17:51.777 [Task monitor] DEBUG n.processor.TaskPollingMonitor - !! executor local > tasks to be completed: 1 -- submitted tasks are shown below
~> TaskHandler[id: 3; name: STAR_ALIGN (rep1_1); status: RUNNING; exit: -; error: -; workDir: /home/jiguo/data/data/outdir_rnaseq/work/02/b5d5ad9a2826693ee036029064c3e3]
Dec-19 17:17:52.926 [Task submitter] DEBUG n.processor.TaskPollingMonitor - %% executor local > tasks in the submission queue: 3 -- tasks to be submitted are shown below
~> TaskHandler[id: 1; name: STAR_ALIGN (rep1_0); status: NEW; exit: -; error: -; workDir: /home/jiguo/data/data/outdir_rnaseq/work/00/95daa473e46d397d865c54ddc6f10d]
~> TaskHandler[id: 12; name: STAR_ALIGN (rep3_0); status: NEW; exit: -; error: -; workDir: /home/jiguo/data/data/outdir_rnaseq/work/52/327e749848856b561dad7e13044e1d]
~> TaskHandler[id: 6; name: STAR_ALIGN (rep2_0); status: NEW; exit: -; error: -; workDir: /home/jiguo/data/data/outdir_rnaseq/work/8d/ec37f1262f620d611b4b01f7ba0424]
Dec-19 17:21:55.740 [Task monitor] DEBUG n.processor.TaskPollingMonitor - Task completed > TaskHandler[id: 3; name: STAR_ALIGN (rep1_1); status: COMPLETED; exit: 0; error: -; workDir: /home/jiguo/data/data/outdir_rnaseq/work/02/b5d5ad9a2826693ee036029064c3e3]
Dec-19 17:21:55.747 [Task submitter] DEBUG n.executor.local.LocalTaskHandler - Launch cmd line: /bin/bash -ue .command.run
Dec-19 17:21:55.747 [Task submitter] INFO  nextflow.Session - [00/95daa4] Submitted process > STAR_ALIGN (rep1_0)
Dec-19 17:22:51.806 [Task monitor] DEBUG n.processor.TaskPollingMonitor - !! executor local > tasks to be completed: 1 -- submitted tasks are shown below
~> TaskHandler[id: 1; name: STAR_ALIGN (rep1_0); status: RUNNING; exit: -; error: -; workDir: /home/jiguo/data/data/outdir_rnaseq/work/00/95daa473e46d397d865c54ddc6f10d]
Dec-19 17:22:53.756 [Task submitter] DEBUG n.processor.TaskPollingMonitor - %% executor local > tasks in the submission queue: 2 -- tasks to be submitted are shown below
~> TaskHandler[id: 12; name: STAR_ALIGN (rep3_0); status: NEW; exit: -; error: -; workDir: /home/jiguo/data/data/outdir_rnaseq/work/52/327e749848856b561dad7e13044e1d]
~> TaskHandler[id: 6; name: STAR_ALIGN (rep2_0); status: NEW; exit: -; error: -; workDir: /home/jiguo/data/data/outdir_rnaseq/work/8d/ec37f1262f620d611b4b01f7ba0424]
Dec-19 17:27:51.845 [Task monitor] DEBUG n.processor.TaskPollingMonitor - !! executor local > tasks to be completed: 1 -- submitted tasks are shown below
~> TaskHandler[id: 1; name: STAR_ALIGN (rep1_0); status: RUNNING; exit: -; error: -; workDir: /home/jiguo/data/data/outdir_rnaseq/work/00/95daa473e46d397d865c54ddc6f10d]
Dec-19 17:27:53.792 [Task submitter] DEBUG n.processor.TaskPollingMonitor - %% executor local > tasks in the submission queue: 2 -- tasks to be submitted are shown below
~> TaskHandler[id: 12; name: STAR_ALIGN (rep3_0); status: NEW; exit: -; error: -; workDir: /home/jiguo/data/data/outdir_rnaseq/work/52/327e749848856b561dad7e13044e1d]
~> TaskHandler[id: 6; name: STAR_ALIGN (rep2_0); status: NEW; exit: -; error: -; workDir: /home/jiguo/data/data/outdir_rnaseq/work/8d/ec37f1262f620d611b4b01f7ba0424]
Dec-19 17:32:51.909 [Task monitor] DEBUG n.processor.TaskPollingMonitor - !! executor local > tasks to be completed: 1 -- submitted tasks are shown below
~> TaskHandler[id: 1; name: STAR_ALIGN (rep1_0); status: RUNNING; exit: -; error: -; workDir: /home/jiguo/data/data/outdir_rnaseq/work/00/95daa473e46d397d865c54ddc6f10d]
Dec-19 17:32:53.835 [Task submitter] DEBUG n.processor.TaskPollingMonitor - %% executor local > tasks in the submission queue: 2 -- tasks to be submitted are shown below
~> TaskHandler[id: 12; name: STAR_ALIGN (rep3_0); status: NEW; exit: -; error: -; workDir: /home/jiguo/data/data/outdir_rnaseq/work/52/327e749848856b561dad7e13044e1d]
~> TaskHandler[id: 6; name: STAR_ALIGN (rep2_0); status: NEW; exit: -; error: -; workDir: /home/jiguo/data/data/outdir_rnaseq/work/8d/ec37f1262f620d611b4b01f7ba0424]
Dec-19 17:36:42.113 [Task monitor] DEBUG n.processor.TaskPollingMonitor - Task completed > TaskHandler[id: 1; name: STAR_ALIGN (rep1_0); status: COMPLETED; exit: 0; error: -; workDir: /home/jiguo/data/data/outdir_rnaseq/work/00/95daa473e46d397d865c54ddc6f10d]
Dec-19 17:36:42.121 [Task submitter] DEBUG n.executor.local.LocalTaskHandler - Launch cmd line: /bin/bash -ue .command.run
Dec-19 17:36:42.121 [Task submitter] INFO  nextflow.Session - [52/327e74] Submitted process > STAR_ALIGN (rep3_0)
Dec-19 17:37:51.980 [Task monitor] DEBUG n.processor.TaskPollingMonitor - !! executor local > tasks to be completed: 1 -- submitted tasks are shown below
~> TaskHandler[id: 12; name: STAR_ALIGN (rep3_0); status: RUNNING; exit: -; error: -; workDir: /home/jiguo/data/data/outdir_rnaseq/work/52/327e749848856b561dad7e13044e1d]
Dec-19 17:37:54.131 [Task submitter] DEBUG n.processor.TaskPollingMonitor - %% executor local > tasks in the submission queue: 1 -- tasks to be submitted are shown below
~> TaskHandler[id: 6; name: STAR_ALIGN (rep2_0); status: NEW; exit: -; error: -; workDir: /home/jiguo/data/data/outdir_rnaseq/work/8d/ec37f1262f620d611b4b01f7ba0424]
Dec-19 17:42:52.064 [Task monitor] DEBUG n.processor.TaskPollingMonitor - !! executor local > tasks to be completed: 1 -- submitted tasks are shown below
~> TaskHandler[id: 12; name: STAR_ALIGN (rep3_0); status: RUNNING; exit: -; error: -; workDir: /home/jiguo/data/data/outdir_rnaseq/work/52/327e749848856b561dad7e13044e1d]
Dec-19 17:42:54.165 [Task submitter] DEBUG n.processor.TaskPollingMonitor - %% executor local > tasks in the submission queue: 1 -- tasks to be submitted are shown below
~> TaskHandler[id: 6; name: STAR_ALIGN (rep2_0); status: NEW; exit: -; error: -; workDir: /home/jiguo/data/data/outdir_rnaseq/work/8d/ec37f1262f620d611b4b01f7ba0424]
Dec-19 17:47:52.133 [Task monitor] DEBUG n.processor.TaskPollingMonitor - !! executor local > tasks to be completed: 1 -- submitted tasks are shown below
~> TaskHandler[id: 12; name: STAR_ALIGN (rep3_0); status: RUNNING; exit: -; error: -; workDir: /home/jiguo/data/data/outdir_rnaseq/work/52/327e749848856b561dad7e13044e1d]
Dec-19 17:47:54.199 [Task submitter] DEBUG n.processor.TaskPollingMonitor - %% executor local > tasks in the submission queue: 1 -- tasks to be submitted are shown below
~> TaskHandler[id: 6; name: STAR_ALIGN (rep2_0); status: NEW; exit: -; error: -; workDir: /home/jiguo/data/data/outdir_rnaseq/work/8d/ec37f1262f620d611b4b01f7ba0424]
Dec-19 17:52:52.169 [Task monitor] DEBUG n.processor.TaskPollingMonitor - !! executor local > tasks to be completed: 1 -- submitted tasks are shown below
~> TaskHandler[id: 12; name: STAR_ALIGN (rep3_0); status: RUNNING; exit: -; error: -; workDir: /home/jiguo/data/data/outdir_rnaseq/work/52/327e749848856b561dad7e13044e1d]
Dec-19 17:52:54.242 [Task submitter] DEBUG n.processor.TaskPollingMonitor - %% executor local > tasks in the submission queue: 1 -- tasks to be submitted are shown below
~> TaskHandler[id: 6; name: STAR_ALIGN (rep2_0); status: NEW; exit: -; error: -; workDir: /home/jiguo/data/data/outdir_rnaseq/work/8d/ec37f1262f620d611b4b01f7ba0424]
Dec-19 17:53:02.344 [Task monitor] DEBUG n.processor.TaskPollingMonitor - Task completed > TaskHandler[id: 12; name: STAR_ALIGN (rep3_0); status: COMPLETED; exit: 0; error: -; workDir: /home/jiguo/data/data/outdir_rnaseq/work/52/327e749848856b561dad7e13044e1d]
Dec-19 17:53:02.351 [Task submitter] DEBUG n.executor.local.LocalTaskHandler - Launch cmd line: /bin/bash -ue .command.run
Dec-19 17:53:02.352 [Task submitter] INFO  nextflow.Session - [8d/ec37f1] Submitted process > STAR_ALIGN (rep2_0)
Dec-19 17:57:52.209 [Task monitor] DEBUG n.processor.TaskPollingMonitor - !! executor local > tasks to be completed: 1 -- submitted tasks are shown below
~> TaskHandler[id: 6; name: STAR_ALIGN (rep2_0); status: RUNNING; exit: -; error: -; workDir: /home/jiguo/data/data/outdir_rnaseq/work/8d/ec37f1262f620d611b4b01f7ba0424]
Dec-19 18:02:52.305 [Task monitor] DEBUG n.processor.TaskPollingMonitor - !! executor local > tasks to be completed: 1 -- submitted tasks are shown below
~> TaskHandler[id: 6; name: STAR_ALIGN (rep2_0); status: RUNNING; exit: -; error: -; workDir: /home/jiguo/data/data/outdir_rnaseq/work/8d/ec37f1262f620d611b4b01f7ba0424]
Dec-19 18:06:44.838 [Task monitor] DEBUG n.processor.TaskPollingMonitor - Task completed > TaskHandler[id: 6; name: STAR_ALIGN (rep2_0); status: COMPLETED; exit: 0; error: -; workDir: /home/jiguo/data/data/outdir_rnaseq/work/8d/ec37f1262f620d611b4b01f7ba0424]
Dec-19 18:06:44.877 [Task submitter] DEBUG n.executor.local.LocalTaskHandler - Launch cmd line: /bin/bash -ue .command.run
Dec-19 18:06:44.878 [Task submitter] INFO  nextflow.Session - [50/66a35f] Submitted process > FEATURECOUNTS (1)
Dec-19 18:07:52.334 [Task monitor] DEBUG n.processor.TaskPollingMonitor - !! executor local > tasks to be completed: 1 -- submitted tasks are shown below
~> TaskHandler[id: 15; name: FEATURECOUNTS (1); status: RUNNING; exit: -; error: -; workDir: /home/jiguo/data/data/outdir_rnaseq/work/50/66a35f94397c2be1602a8841862c68]
Dec-19 18:12:52.340 [Task monitor] DEBUG n.processor.TaskPollingMonitor - !! executor local > tasks to be completed: 1 -- submitted tasks are shown below
~> TaskHandler[id: 15; name: FEATURECOUNTS (1); status: RUNNING; exit: -; error: -; workDir: /home/jiguo/data/data/outdir_rnaseq/work/50/66a35f94397c2be1602a8841862c68]
Dec-19 18:14:36.598 [Task monitor] DEBUG n.processor.TaskPollingMonitor - Task completed > TaskHandler[id: 15; name: FEATURECOUNTS (1); status: COMPLETED; exit: 0; error: -; workDir: /home/jiguo/data/data/outdir_rnaseq/work/50/66a35f94397c2be1602a8841862c68]
Dec-19 18:14:36.633 [Task submitter] DEBUG n.executor.local.LocalTaskHandler - Launch cmd line: /bin/bash -ue .command.run
Dec-19 18:14:36.633 [Task submitter] INFO  nextflow.Session - [fb/4ad9a0] Submitted process > MULTIQC
Dec-19 18:14:42.975 [Task monitor] DEBUG n.processor.TaskPollingMonitor - Task completed > TaskHandler[id: 16; name: MULTIQC; status: COMPLETED; exit: 0; error: -; workDir: /home/jiguo/data/data/outdir_rnaseq/work/fb/4ad9a0afcc298d51d119c3cf4d0c6c]
Dec-19 18:14:42.982 [main] DEBUG nextflow.Session - Session await > all processes finished
Dec-19 18:14:43.076 [Task monitor] DEBUG n.processor.TaskPollingMonitor - <<< barrier arrives (monitor: local) - terminating tasks monitor poll loop
Dec-19 18:14:43.077 [main] DEBUG nextflow.Session - Session await > all barriers passed
Dec-19 18:14:43.080 [main] DEBUG nextflow.util.ThreadPoolManager - Thread pool 'TaskFinalizer' shutdown completed (hard=false)
Dec-19 18:14:43.080 [main] DEBUG nextflow.util.ThreadPoolManager - Thread pool 'PublishDir' shutdown completed (hard=false)
Dec-19 18:14:43.088 [main] DEBUG n.trace.WorkflowStatsObserver - Workflow completed > WorkflowStats[succeededCount=9; failedCount=0; ignoredCount=0; cachedCount=7; pendingCount=0; submittedCount=0; runningCount=0; retriesCount=0; abortedCount=0; succeedDuration=14h 22m 55s; failedDuration=0ms; cachedDuration=3h 23m 44s;loadCpus=0; loadMemory=0; peakRunning=1; peakCpus=8; peakMemory=32 GB; ]
Dec-19 18:14:43.140 [main] DEBUG nextflow.cache.CacheDB - Closing CacheDB done
Dec-19 18:14:43.152 [main] DEBUG nextflow.util.ThreadPoolManager - Thread pool 'FileTransfer' shutdown completed (hard=false)
Dec-19 18:14:43.153 [main] DEBUG nextflow.script.ScriptRunner - > Execution complete -- Goodbye
