
 N E X T F L O W   ~  version 25.10.2

Launching `main.nf` [suspicious_stallman] DSL2 - revision: c7da9e21c2


============================================
RNA-seq Count Pipeline
============================================
samplesheet  : /home/jiguo/SeqAna_Pipe/samplesheet.csv
genome       : /home/jiguo/data/data/ref_genome/GRCh38.primary_assembly.genome.fa
gtf          : /home/jiguo/data/data/ref_genome/gencode.v47.primary_assembly.annotation.gtf
star_index   : /home/jiguo/data/data/outdir_rnaseq/star_index/star_index
outdir       : /home/jiguo/data/data/reverse_stranded
stranded     : 2
============================================

[-        ] FASTQC        -
[-        ] STAR_ALIGN    -
[-        ] FEATURECOUNTS -
[-        ] MULTIQC       -

executor >  local (2)
[ff/3096e8] FASTQC (rep2_0) | 0 of 7
[-        ] STAR_ALIGN      | 0 of 7
[-        ] FEATURECOUNTS   -
[-        ] MULTIQC         -

executor >  local (3)
[16/558b5a] FASTQC (rep1_0) | 0 of 7
[-        ] STAR_ALIGN      | 0 of 7
[-        ] FEATURECOUNTS   -
[-        ] MULTIQC         -

executor >  local (3)
[fa/02a0ec] FASTQC (rep3_1) | 1 of 7
[-        ] STAR_ALIGN      | 0 of 7
[-        ] FEATURECOUNTS   -
[-        ] MULTIQC         -

executor >  local (4)
[31/ee98a1] FASTQC (rep2_1) | 2 of 7
[-        ] STAR_ALIGN      | 0 of 7
[-        ] FEATURECOUNTS   -
[-        ] MULTIQC         -

executor >  local (4)
[31/ee98a1] FASTQC (rep2_1) | 2 of 7
[-        ] STAR_ALIGN      | 0 of 7
[-        ] FEATURECOUNTS   -
[-        ] MULTIQC         -

executor >  local (5)
[ab/e63383] FASTQC (rep1_1) | 3 of 7
[-        ] STAR_ALIGN      | 0 of 7
[-        ] FEATURECOUNTS   -
[-        ] MULTIQC         -

executor >  local (6)
[04/661ce8] FASTQC (control) | 4 of 7
[-        ] STAR_ALIGN       | 0 of 7
[-        ] FEATURECOUNTS    -
[-        ] MULTIQC          -

executor >  local (7)
[81/18058a] FASTQC (rep3_0) | 5 of 7
[-        ] STAR_ALIGN      | 0 of 7
[-        ] FEATURECOUNTS   -
[-        ] MULTIQC         -

executor >  local (7)
[04/661ce8] FASTQC (control) | 6 of 7
[-        ] STAR_ALIGN       | 0 of 7
[-        ] FEATURECOUNTS    -
[-        ] MULTIQC          -
