
 N E X T F L O W   ~  version 25.10.2

Launching `main.nf` [goofy_hirsch] DSL2 - revision: 6fad2776ca


============================================
RNA-seq Count Pipeline
============================================
samplesheet  : /home/jiguo/SeqAna_Pipe/samplesheet.csv
genome       : /home/jiguo/data/data/ref_genome/GRCh38.primary_assembly.genome.fa
gtf          : /home/jiguo/data/data/ref_genome/gencode.v47.primary_assembly.annotation.gtf
star_index   : Will be generated
outdir       : /home/jiguo/data/data/outdir_rnaseq
stranded     : 0
============================================

[-        ] FASTQC        | 0 of 5
[-        ] STAR_INDEX    | 0 of 1
[-        ] STAR_ALIGN    -
[-        ] FEATURECOUNTS -
[-        ] MULTIQC       -

executor >  local (2)
[85/bf5ed6] FASTQC (control) | 0 of 7
[-        ] STAR_INDEX       | 0 of 1
[-        ] STAR_ALIGN       -
[-        ] FEATURECOUNTS    -
[-        ] MULTIQC          -

executor >  local (3)
[85/bf5ed6] FASTQC (control) | 1 of 7
[-        ] STAR_INDEX       | 0 of 1
[-        ] STAR_ALIGN       -
[-        ] FEATURECOUNTS    -
[-        ] MULTIQC          -

executor >  local (4)
[09/02f9ad] FASTQC (rep3_1) | 2 of 7
[-        ] STAR_INDEX      | 0 of 1
[-        ] STAR_ALIGN      -
[-        ] FEATURECOUNTS   -
[-        ] MULTIQC         -

executor >  local (4)
[09/02f9ad] FASTQC (rep3_1) | 2 of 7
[-        ] STAR_INDEX      | 0 of 1
[-        ] STAR_ALIGN      -
[-        ] FEATURECOUNTS   -
[-        ] MULTIQC         -

executor >  local (5)
[db/1271fa] FASTQC (rep3_0) | 3 of 7
[-        ] STAR_INDEX      | 0 of 1
[-        ] STAR_ALIGN      -
[-        ] FEATURECOUNTS   -
[-        ] MULTIQC         -

executor >  local (6)
[55/81ec06] FASTQC (rep1_0) | 4 of 7
[-        ] STAR_INDEX      | 0 of 1
[-        ] STAR_ALIGN      -
[-        ] FEATURECOUNTS   -
[-        ] MULTIQC         -

executor >  local (7)
[db/1271fa] FASTQC (rep3_0) | 5 of 7
[-        ] STAR_INDEX      | 0 of 1
[-        ] STAR_ALIGN      -
[-        ] FEATURECOUNTS   -
[-        ] MULTIQC         -

executor >  local (7)
[db/1271fa] FASTQC (rep3_0) | 5 of 7
[-        ] STAR_INDEX      | 0 of 1
[-        ] STAR_ALIGN      -
[-        ] FEATURECOUNTS   -
[-        ] MULTIQC         -

executor >  local (7)
[55/81ec06] FASTQC (rep1_0) | 6 of 7
[-        ] STAR_INDEX      | 0 of 1
[-        ] STAR_ALIGN      -
[-        ] FEATURECOUNTS   -
[-        ] MULTIQC         -

executor >  local (8)
[24/85128f] FASTQC (rep2_0) | 7 of 7 ✔
[01/966ef8] STAR_INDEX (1)  | 0 of 1
[-        ] STAR_ALIGN      -
[-        ] FEATURECOUNTS   -
[-        ] MULTIQC         -

executor >  local (9)
[24/85128f] FASTQC (rep2_0)     | 7 of 7 ✔
[01/966ef8] STAR_INDEX (1)      | 1 of 1 ✔
[d1/169b51] STAR_ALIGN (rep1_0) | 0 of 1
[-        ] FEATURECOUNTS       -
[-        ] MULTIQC             -

executor >  local (9)
[24/85128f] FASTQC (rep2_0)     | 7 of 7 ✔
[01/966ef8] STAR_INDEX (1)      | 1 of 1 ✔
[d1/169b51] STAR_ALIGN (rep1_0) | 0 of 1
[-        ] FEATURECOUNTS       -
[-        ] MULTIQC             -

executor >  local (9)
[24/85128f] FASTQC (rep2_0)     | 7 of 7 ✔
[01/966ef8] STAR_INDEX (1)      | 1 of 1 ✔
[d1/169b51] STAR_ALIGN (rep1_0) | 1 of 1 ✔
[-        ] FEATURECOUNTS       -
[-        ] MULTIQC             -

executor >  local (10)
[24/85128f] FASTQC (rep2_0)     | 7 of 7 ✔
[01/966ef8] STAR_INDEX (1)      | 1 of 1 ✔
[d1/169b51] STAR_ALIGN (rep1_0) | 1 of 1 ✔
[aa/afb01d] FEATURECOUNTS (1)   | 0 of 1
[-        ] MULTIQC             -

executor >  local (11)
[24/85128f] FASTQC (rep2_0)     | 7 of 7 ✔
[01/966ef8] STAR_INDEX (1)      | 1 of 1 ✔
[d1/169b51] STAR_ALIGN (rep1_0) | 1 of 1 ✔
[aa/afb01d] FEATURECOUNTS (1)   | 1 of 1 ✔
[3a/f5a36b] MULTIQC             | 0 of 1

executor >  local (11)
[24/85128f] FASTQC (rep2_0)     | 7 of 7 ✔
[01/966ef8] STAR_INDEX (1)      | 1 of 1 ✔
[d1/169b51] STAR_ALIGN (rep1_0) | 1 of 1 ✔
[aa/afb01d] FEATURECOUNTS (1)   | 1 of 1 ✔
[3a/f5a36b] MULTIQC             | 1 of 1 ✔

executor >  local (11)
[24/85128f] FASTQC (rep2_0)     | 7 of 7 ✔
[01/966ef8] STAR_INDEX (1)      | 1 of 1 ✔
[d1/169b51] STAR_ALIGN (rep1_0) | 1 of 1 ✔
[aa/afb01d] FEATURECOUNTS (1)   | 1 of 1 ✔
[3a/f5a36b] MULTIQC             | 1 of 1 ✔
Completed at: 19-Dec-2025 15:34:39
Duration    : 1h 29m 50s
CPU hours   : 11.4
Succeeded   : 11


