
 N E X T F L O W   ~  version 25.10.2

Launching `main.nf` [sad_spence] DSL2 - revision: 766b8dfb75


============================================
RNA-seq Count Pipeline
============================================
samplesheet  : /home/jiguo/SeqAna_Pipe/samplesheet.csv
genome       : /home/jiguo/data/data/ref_genome/GRCh38.primary_assembly.genome.fa
gtf          : /home/jiguo/data/data/ref_genome/gencode.v47.primary_assembly.annotation.gtf
star_index   : /home/jiguo/data/data/outdir_rnaseq/star_index/star_index
outdir       : /home/jiguo/data/data/outdir_rnaseq
stranded     : 0
============================================

[-        ] FASTQC        -
[-        ] STAR_ALIGN    -
[-        ] FEATURECOUNTS -
[-        ] MULTIQC       -

executor >  local (1)
[55/81ec06] FASTQC (rep1_0)     | 7 of 7, cached: 7 ✔
[19/0464f5] STAR_ALIGN (rep1_0) | 0 of 1
[-        ] FEATURECOUNTS       -
[-        ] MULTIQC             -
